The munging of 1 summary statistics started at 2023-06-09 20:02:53
Reading in reference file
Reading summary statistics for Dementia_GWAS.txt. Please note that this step usually takes a few minutes due to the size of summary statistic files.
All files loaded into R!



Munging file: Dementia_GWAS.txt
Interpreting the RSID column as the SNP column.
Interpreting the A1 column as the A1 column.
Interpreting the A2 column as the A2 column.
Interpreting the BETA column as the effect column.
Interpreting the PVAL column as the P column.
Interpreting the N column as the N column.
Interpreting the SE column as the SE column.
Merging file:Dementia_GWAS.txt with the reference file:resources/GenomicSEM/w_hm3.snplist
459748 rows present in the full Dementia_GWAS.txt summary statistics file.
379000 rows were removed from the Dementia_GWAS.txt summary statistics file as the rs-ids for these rows were not present in the reference file.
2 row(s) were removed from the Dementia_GWAS.txt summary statistics file due to the effect allele (A1) column not matching A1 or A2 in the reference file.
No INFO column, cannot filter on INFO, which may influence results
No MAF column, cannot filter on MAF, which may influence results
80746SNPs are left in the summary statistics file Dementia_GWAS.txt after QC.
I am done munging file: Dementia_GWAS.txt
The file is saved as Dementia.sumstats.gz in the current working directory.
     
Munging was completed at 2023-06-09 20:02:55
The munging of all files took 0 minutes and 2.37312984466553 seconds
Please check the .log file(s) to ensure that all columns were interpreted correctly and no warnings were issued for any of the summary statistics files
