Multivariate ld-score regression of 2 traits (Snoring.sumstats.gz Dementia.sumstats.gz) began at: 2023-06-09 20:02:55
Reading in LD scores
Read in summary statistics [1/2] from: Snoring.sumstats.gz
Out of 80746 SNPs, 80391 remain after merging with LD-score files
Removing 0 SNPs with Chi^2 > 408.317; 80391 remain
Read in summary statistics [2/2] from: Dementia.sumstats.gz
Out of 80746 SNPs, 80391 remain after merging with LD-score files
Removing 0 SNPs with Chi^2 > 487.511; 80391 remain
          
Estimating heritability [1/3] for: Snoring.sumstats.gz
Heritability Results for trait: Snoring.sumstats.gz
Mean Chi^2 across remaining SNPs: 1.5704
Lambda GC: 1.4295
Intercept: 0.9861 (0.0204)
Ratio: -0.0243 (0.0358)
Total Observed Scale h2: 0.0668 (0.0038)
h2 Z: 17.8
     
Calculating genetic covariance [2/3] for traits: Snoring.sumstats.gz and Dementia.sumstats.gz
80391 SNPs remain after merging Snoring.sumstats.gz and Dementia.sumstats.gz summary statistics
Results for genetic covariance between: Snoring.sumstats.gz and Dementia.sumstats.gz
Mean Z*Z: -0.001
Cross trait Intercept: -0.002 (0.0128)
Total Observed Scale Genetic Covariance (g_cov): 7e-04 (0.0018)
g_cov Z: 0.404
g_cov P-value: 0.68644
          
Estimating heritability [3/3] for: Dementia.sumstats.gz
Heritability Results for trait: Dementia.sumstats.gz
Mean Chi^2 across remaining SNPs: 1.3004
Lambda GC: 1.2053
Intercept: 1.0822 (0.0248)
Ratio: 0.2737 (0.0827)
Total Observed Scale h2: 0.0197 (0.003)
h2 Z: 6.46
     
      
Genetic Correlation Results
Genetic Correlation between Snoring.sumstats.gz and Dementia.sumstats.gz: 0.0204 (0.0505)
     
     
LDSC finished running at 2023-06-09 20:02:59
Running LDSC for all files took 0 minutes and 3 seconds
     
